c:\users\karina\desktop\mg3dtr-nakwc\nazare ana - karina\nak_gameengine\nak_gameengine\curs3l3dgd\debug-nvidia\gameengine.pch
c:\users\karina\desktop\mg3dtr-nakwc\nazare ana - karina\nak_gameengine\nak_gameengine\curs3l3dgd\debug-nvidia\vc140.pdb
c:\users\karina\desktop\mg3dtr-nakwc\nazare ana - karina\nak_gameengine\nak_gameengine\curs3l3dgd\debug-nvidia\vc140.idb
c:\users\karina\desktop\mg3dtr-nakwc\nazare ana - karina\nak_gameengine\nak_gameengine\curs3l3dgd\debug-nvidia\stdafx.obj
c:\users\karina\desktop\mg3dtr-nakwc\nazare ana - karina\nak_gameengine\nak_gameengine\curs3l3dgd\debug-nvidia\camera.obj
c:\users\karina\desktop\mg3dtr-nakwc\nazare ana - karina\nak_gameengine\nak_gameengine\curs3l3dgd\debug-nvidia\main.obj
c:\users\karina\desktop\mg3dtr-nakwc\nazare ana - karina\nak_gameengine\nak_gameengine\curs3l3dgd\debug-nvidia\mesh.obj
c:\users\karina\desktop\mg3dtr-nakwc\nazare ana - karina\nak_gameengine\nak_gameengine\curs3l3dgd\debug-nvidia\model.obj
c:\users\karina\desktop\mg3dtr-nakwc\nazare ana - karina\nak_gameengine\nak_gameengine\curs3l3dgd\debug-nvidia\resourcemanager.obj
c:\users\karina\desktop\mg3dtr-nakwc\nazare ana - karina\nak_gameengine\nak_gameengine\curs3l3dgd\debug-nvidia\scenemanager.obj
c:\users\karina\desktop\mg3dtr-nakwc\nazare ana - karina\nak_gameengine\nak_gameengine\curs3l3dgd\debug-nvidia\sceneobject.obj
c:\users\karina\desktop\mg3dtr-nakwc\nazare ana - karina\nak_gameengine\nak_gameengine\curs3l3dgd\debug-nvidia\shaders.obj
c:\users\karina\desktop\mg3dtr-nakwc\nazare ana - karina\nak_gameengine\nak_gameengine\curs3l3dgd\debug-nvidia\skybox.obj
c:\users\karina\desktop\mg3dtr-nakwc\nazare ana - karina\nak_gameengine\nak_gameengine\curs3l3dgd\debug-nvidia\terrain.obj
c:\users\karina\desktop\mg3dtr-nakwc\nazare ana - karina\nak_gameengine\nak_gameengine\curs3l3dgd\debug-nvidia\texture.obj
c:\users\karina\desktop\mg3dtr-nakwc\nazare ana - karina\nak_gameengine\nak_gameengine\bin-nvidia\gameengine.ilk
c:\users\karina\desktop\mg3dtr-nakwc\nazare ana - karina\nak_gameengine\nak_gameengine\bin-nvidia\gameengine.exe
c:\users\karina\desktop\mg3dtr-nakwc\nazare ana - karina\nak_gameengine\nak_gameengine\bin-nvidia\gameengine.pdb
c:\users\karina\desktop\mg3dtr-nakwc\nazare ana - karina\nak_gameengine\nak_gameengine\\bin-nvidia\gameengine.pdb
c:\users\karina\desktop\mg3dtr-nakwc\nazare ana - karina\nak_gameengine\nak_gameengine\\bin-nvidia\gameengine.exe
c:\users\karina\desktop\mg3dtr-nakwc\nazare ana - karina\nak_gameengine\nak_gameengine\\bin-nvidia\gameengine.ilk
c:\users\karina\desktop\mg3dtr-nakwc\nazare ana - karina\nak_gameengine\nak_gameengine\curs3l3dgd\debug-nvidia\gameengine.tlog\cl.command.1.tlog
c:\users\karina\desktop\mg3dtr-nakwc\nazare ana - karina\nak_gameengine\nak_gameengine\curs3l3dgd\debug-nvidia\gameengine.tlog\cl.read.1.tlog
c:\users\karina\desktop\mg3dtr-nakwc\nazare ana - karina\nak_gameengine\nak_gameengine\curs3l3dgd\debug-nvidia\gameengine.tlog\cl.write.1.tlog
c:\users\karina\desktop\mg3dtr-nakwc\nazare ana - karina\nak_gameengine\nak_gameengine\curs3l3dgd\debug-nvidia\gameengine.tlog\link.command.1.tlog
c:\users\karina\desktop\mg3dtr-nakwc\nazare ana - karina\nak_gameengine\nak_gameengine\curs3l3dgd\debug-nvidia\gameengine.tlog\link.read.1.tlog
c:\users\karina\desktop\mg3dtr-nakwc\nazare ana - karina\nak_gameengine\nak_gameengine\curs3l3dgd\debug-nvidia\gameengine.tlog\link.write.1.tlog
